<?xml version="1.0" encoding="UTF-8"?>
<testng-results ignored="0" total="2" passed="2" failed="0" skipped="0">
  <reporter-output>
  </reporter-output>
  <suite started-at="2023-09-15T17:46:35 IST" name="Suite" finished-at="2023-09-15T17:47:05 IST" duration-ms="30406">
    <groups>
    </groups>
    <test started-at="2023-09-15T17:46:35 IST" name="Test" finished-at="2023-09-15T17:47:05 IST" duration-ms="30406">
      <class name="test_cases.Tc_002_testLogin">
        <test-method is-config="true" signature="setup(java.lang.String)[pri:0, instance:test_cases.Tc_002_testLogin@4efbca5a]" started-at="2023-09-15T17:46:35 IST" name="setup" finished-at="2023-09-15T17:46:43 IST" duration-ms="8371" status="PASS">
          <params>
            <param index="0">
              <value>
                <![CDATA[edge]]>
              </value>
            </param>
          </params>
          <reporter-output>
          </reporter-output>
        </test-method> <!-- setup -->
        <test-method signature="testfunction()[pri:0, instance:test_cases.Tc_002_testLogin@4efbca5a]" started-at="2023-09-15T17:46:43 IST" name="testfunction" finished-at="2023-09-15T17:46:51 IST" duration-ms="7810" status="PASS">
          <reporter-output>
          </reporter-output>
        </test-method> <!-- testfunction -->
        <test-method is-config="true" signature="teardown()[pri:0, instance:test_cases.Tc_002_testLogin@4efbca5a]" started-at="2023-09-15T17:46:51 IST" name="teardown" finished-at="2023-09-15T17:46:51 IST" duration-ms="219" status="PASS">
          <reporter-output>
          </reporter-output>
        </test-method> <!-- teardown -->
      </class> <!-- test_cases.Tc_002_testLogin -->
      <class name="test_cases.Tc_001_AccountRegistration">
        <test-method is-config="true" signature="setup(java.lang.String)[pri:0, instance:test_cases.Tc_001_AccountRegistration@747ddf94]" started-at="2023-09-15T17:46:51 IST" name="setup" finished-at="2023-09-15T17:46:58 IST" duration-ms="6717" status="PASS">
          <params>
            <param index="0">
              <value>
                <![CDATA[edge]]>
              </value>
            </param>
          </params>
          <reporter-output>
          </reporter-output>
        </test-method> <!-- setup -->
        <test-method signature="testaccountregistration()[pri:0, instance:test_cases.Tc_001_AccountRegistration@747ddf94]" started-at="2023-09-15T17:46:58 IST" name="testaccountregistration" finished-at="2023-09-15T17:47:05 IST" duration-ms="6914" status="PASS">
          <reporter-output>
          </reporter-output>
        </test-method> <!-- testaccountregistration -->
        <test-method is-config="true" signature="teardown()[pri:0, instance:test_cases.Tc_001_AccountRegistration@747ddf94]" started-at="2023-09-15T17:47:05 IST" name="teardown" finished-at="2023-09-15T17:47:05 IST" duration-ms="205" status="PASS">
          <reporter-output>
          </reporter-output>
        </test-method> <!-- teardown -->
      </class> <!-- test_cases.Tc_001_AccountRegistration -->
    </test> <!-- Test -->
  </suite> <!-- Suite -->
</testng-results>
