<?xml version="1.0" encoding="UTF-8"?>
<testng-results ignored="0" total="2" passed="2" failed="0" skipped="0">
  <reporter-output>
  </reporter-output>
  <suite started-at="2023-09-15T19:13:48 IST" name="Suite" finished-at="2023-09-15T19:14:22 IST" duration-ms="33814">
    <groups>
    </groups>
    <test started-at="2023-09-15T19:13:48 IST" name="Test" finished-at="2023-09-15T19:14:22 IST" duration-ms="33814">
      <class name="test_cases.Tc_002_testLogin">
        <test-method is-config="true" signature="setup(java.lang.String)[pri:0, instance:test_cases.Tc_002_testLogin@6d763516]" started-at="2023-09-15T19:13:48 IST" name="setup" finished-at="2023-09-15T19:13:59 IST" duration-ms="10377" status="PASS">
          <params>
            <param index="0">
              <value>
                <![CDATA[edge]]>
              </value>
            </param>
          </params>
          <reporter-output>
          </reporter-output>
        </test-method> <!-- setup -->
        <test-method signature="test_login()[pri:0, instance:test_cases.Tc_002_testLogin@6d763516]" started-at="2023-09-15T19:13:59 IST" name="test_login" finished-at="2023-09-15T19:14:06 IST" duration-ms="7174" status="PASS">
          <reporter-output>
          </reporter-output>
        </test-method> <!-- test_login -->
        <test-method is-config="true" signature="teardown()[pri:0, instance:test_cases.Tc_002_testLogin@6d763516]" started-at="2023-09-15T19:14:06 IST" name="teardown" finished-at="2023-09-15T19:14:06 IST" duration-ms="204" status="PASS">
          <reporter-output>
          </reporter-output>
        </test-method> <!-- teardown -->
      </class> <!-- test_cases.Tc_002_testLogin -->
      <class name="test_cases.Tc_001_AccountRegistration">
        <test-method is-config="true" signature="setup(java.lang.String)[pri:0, instance:test_cases.Tc_001_AccountRegistration@5c5eefef]" started-at="2023-09-15T19:14:06 IST" name="setup" finished-at="2023-09-15T19:14:14 IST" duration-ms="8103" status="PASS">
          <params>
            <param index="0">
              <value>
                <![CDATA[edge]]>
              </value>
            </param>
          </params>
          <reporter-output>
          </reporter-output>
        </test-method> <!-- setup -->
        <test-method signature="testaccountregistration()[pri:0, instance:test_cases.Tc_001_AccountRegistration@5c5eefef]" started-at="2023-09-15T19:14:14 IST" name="testaccountregistration" finished-at="2023-09-15T19:14:22 IST" duration-ms="7452" status="PASS">
          <reporter-output>
          </reporter-output>
        </test-method> <!-- testaccountregistration -->
        <test-method is-config="true" signature="teardown()[pri:0, instance:test_cases.Tc_001_AccountRegistration@5c5eefef]" started-at="2023-09-15T19:14:22 IST" name="teardown" finished-at="2023-09-15T19:14:22 IST" duration-ms="200" status="PASS">
          <reporter-output>
          </reporter-output>
        </test-method> <!-- teardown -->
      </class> <!-- test_cases.Tc_001_AccountRegistration -->
    </test> <!-- Test -->
  </suite> <!-- Suite -->
</testng-results>
