<?xml version="1.0" encoding="UTF-8"?>
<testng-results ignored="0" total="2" passed="2" failed="0" skipped="0">
  <reporter-output>
  </reporter-output>
  <suite started-at="2023-09-15T17:26:33 IST" name="Suite" finished-at="2023-09-15T17:27:05 IST" duration-ms="32169">
    <groups>
    </groups>
    <test started-at="2023-09-15T17:26:33 IST" name="Test" finished-at="2023-09-15T17:27:05 IST" duration-ms="32169">
      <class name="test_cases.Tc_002_testLogin">
        <test-method is-config="true" signature="setup(java.lang.String)[pri:0, instance:test_cases.Tc_002_testLogin@6d763516]" started-at="2023-09-15T17:26:33 IST" name="setup" finished-at="2023-09-15T17:26:42 IST" duration-ms="8732" status="PASS">
          <params>
            <param index="0">
              <value>
                <![CDATA[edge]]>
              </value>
            </param>
          </params>
          <reporter-output>
          </reporter-output>
        </test-method> <!-- setup -->
        <test-method signature="testfunction()[pri:0, instance:test_cases.Tc_002_testLogin@6d763516]" started-at="2023-09-15T17:26:42 IST" name="testfunction" finished-at="2023-09-15T17:26:50 IST" duration-ms="8206" status="PASS">
          <reporter-output>
          </reporter-output>
        </test-method> <!-- testfunction -->
        <test-method is-config="true" signature="teardown()[pri:0, instance:test_cases.Tc_002_testLogin@6d763516]" started-at="2023-09-15T17:26:50 IST" name="teardown" finished-at="2023-09-15T17:26:51 IST" duration-ms="318" status="PASS">
          <reporter-output>
          </reporter-output>
        </test-method> <!-- teardown -->
      </class> <!-- test_cases.Tc_002_testLogin -->
      <class name="test_cases.Tc_001_AccountRegistration">
        <test-method is-config="true" signature="setup(java.lang.String)[pri:0, instance:test_cases.Tc_001_AccountRegistration@5c5eefef]" started-at="2023-09-15T17:26:51 IST" name="setup" finished-at="2023-09-15T17:26:58 IST" duration-ms="7068" status="PASS">
          <params>
            <param index="0">
              <value>
                <![CDATA[edge]]>
              </value>
            </param>
          </params>
          <reporter-output>
          </reporter-output>
        </test-method> <!-- setup -->
        <test-method signature="testaccountregistration()[pri:0, instance:test_cases.Tc_001_AccountRegistration@5c5eefef]" started-at="2023-09-15T17:26:58 IST" name="testaccountregistration" finished-at="2023-09-15T17:27:05 IST" duration-ms="7321" status="PASS">
          <reporter-output>
          </reporter-output>
        </test-method> <!-- testaccountregistration -->
        <test-method is-config="true" signature="teardown()[pri:0, instance:test_cases.Tc_001_AccountRegistration@5c5eefef]" started-at="2023-09-15T17:27:05 IST" name="teardown" finished-at="2023-09-15T17:27:05 IST" duration-ms="221" status="PASS">
          <reporter-output>
          </reporter-output>
        </test-method> <!-- teardown -->
      </class> <!-- test_cases.Tc_001_AccountRegistration -->
    </test> <!-- Test -->
  </suite> <!-- Suite -->
</testng-results>
